<?xml version="1.0" encoding="UTF-8"?>
<coverage generated="1617218623270" clover="3.2.0">
  <project timestamp="1617218623270" name="All files">
    <metrics statements="28" coveredstatements="21" conditionals="16" coveredconditionals="14" methods="11" coveredmethods="8" elements="55" coveredelements="43" complexity="0" loc="28" ncloc="28" packages="1" files="2" classes="2"/>
    <file name="game.jsx" path="D:\Documents\Coding\HtmlCssJs\1030522917_BS436_WebProgramlama\odev04\src\game.jsx">
      <metrics statements="26" coveredstatements="21" conditionals="16" coveredconditionals="14" methods="10" coveredmethods="8"/>
      <line num="4" count="4" type="cond" truecount="2" falsecount="0"/>
      <line num="7" count="5" type="cond" truecount="4" falsecount="0"/>
      <line num="8" count="1" type="stmt"/>
      <line num="11" count="4" type="cond" truecount="2" falsecount="0"/>
      <line num="12" count="2" type="stmt"/>
      <line num="16" count="1" type="stmt"/>
      <line num="19" count="2" type="cond" truecount="2" falsecount="0"/>
      <line num="20" count="1" type="stmt"/>
      <line num="22" count="1" type="stmt"/>
      <line num="24" count="1" type="stmt"/>
      <line num="29" count="1" type="cond" truecount="1" falsecount="1"/>
      <line num="30" count="0" type="stmt"/>
      <line num="34" count="0" type="stmt"/>
      <line num="36" count="1" type="cond" truecount="1" falsecount="1"/>
      <line num="37" count="0" type="stmt"/>
      <line num="46" count="3" type="stmt"/>
      <line num="50" count="5" type="cond" truecount="2" falsecount="0"/>
      <line num="51" count="1" type="stmt"/>
      <line num="53" count="12" type="stmt"/>
      <line num="58" count="3" type="stmt"/>
      <line num="59" count="3" type="stmt"/>
      <line num="74" count="3" type="stmt"/>
      <line num="78" count="5" type="stmt"/>
      <line num="82" count="0" type="stmt"/>
      <line num="83" count="1" type="stmt"/>
      <line num="84" count="0" type="stmt"/>
    </file>
    <file name="index.jsx" path="D:\Documents\Coding\HtmlCssJs\1030522917_BS436_WebProgramlama\odev04\src\index.jsx">
      <metrics statements="2" coveredstatements="0" conditionals="0" coveredconditionals="0" methods="1" coveredmethods="0"/>
      <line num="8" count="0" type="stmt"/>
      <line num="16" count="0" type="stmt"/>
    </file>
  </project>
</coverage>
