{"D:\\Documents\\Coding\\HtmlCssJs\\1030522917_BS436_WebProgramlama\\odev04\\src\\game.jsx": {"path":"D:\\Documents\\Coding\\HtmlCssJs\\1030522917_BS436_WebProgramlama\\odev04\\src\\game.jsx","statementMap":{"0":{"start":{"line":4,"column":4},"end":{"line":4,"column":48}},"1":{"start":{"line":7,"column":4},"end":{"line":9,"column":5}},"2":{"start":{"line":8,"column":8},"end":{"line":8,"column":63}},"3":{"start":{"line":11,"column":4},"end":{"line":17,"column":5}},"4":{"start":{"line":12,"column":8},"end":{"line":15,"column":10}},"5":{"start":{"line":16,"column":8},"end":{"line":16,"column":45}},"6":{"start":{"line":19,"column":4},"end":{"line":42,"column":5}},"7":{"start":{"line":20,"column":8},"end":{"line":20,"column":33}},"8":{"start":{"line":22,"column":22},"end":{"line":22,"column":48}},"9":{"start":{"line":24,"column":8},"end":{"line":26,"column":10}},"10":{"start":{"line":29,"column":8},"end":{"line":41,"column":9}},"11":{"start":{"line":30,"column":12},"end":{"line":33,"column":14}},"12":{"start":{"line":34,"column":12},"end":{"line":34,"column":39}},"13":{"start":{"line":36,"column":13},"end":{"line":41,"column":9}},"14":{"start":{"line":37,"column":12},"end":{"line":40,"column":14}},"15":{"start":{"line":46,"column":4},"end":{"line":46,"column":35}},"16":{"start":{"line":50,"column":4},"end":{"line":52,"column":5}},"17":{"start":{"line":51,"column":8},"end":{"line":51,"column":22}},"18":{"start":{"line":53,"column":4},"end":{"line":53,"column":42}},"19":{"start":{"line":53,"column":21},"end":{"line":53,"column":40}},"20":{"start":{"line":58,"column":8},"end":{"line":58,"column":21}},"21":{"start":{"line":59,"column":8},"end":{"line":73,"column":9}},"22":{"start":{"line":74,"column":8},"end":{"line":74,"column":22}},"23":{"start":{"line":78,"column":8},"end":{"line":91,"column":10}},"24":{"start":{"line":82,"column":87},"end":{"line":82,"column":110}},"25":{"start":{"line":83,"column":87},"end":{"line":83,"column":110}},"26":{"start":{"line":84,"column":87},"end":{"line":84,"column":110}}},"fnMap":{"0":{"name":"errorAccrued","decl":{"start":{"line":3,"column":16},"end":{"line":3,"column":28}},"loc":{"start":{"line":3,"column":37},"end":{"line":5,"column":1}},"line":3},"1":{"name":"showCard","decl":{"start":{"line":6,"column":16},"end":{"line":6,"column":24}},"loc":{"start":{"line":6,"column":37},"end":{"line":43,"column":1}},"line":6},"2":{"name":"setCards","decl":{"start":{"line":45,"column":16},"end":{"line":45,"column":24}},"loc":{"start":{"line":45,"column":32},"end":{"line":47,"column":1}},"line":45},"3":{"name":"shuffleArray","decl":{"start":{"line":49,"column":16},"end":{"line":49,"column":28}},"loc":{"start":{"line":49,"column":36},"end":{"line":54,"column":1}},"line":49},"4":{"name":"(anonymous_4)","decl":{"start":{"line":53,"column":15},"end":{"line":53,"column":16}},"loc":{"start":{"line":53,"column":21},"end":{"line":53,"column":40}},"line":53},"5":{"name":"(anonymous_5)","decl":{"start":{"line":57,"column":4},"end":{"line":57,"column":5}},"loc":{"start":{"line":57,"column":23},"end":{"line":75,"column":5}},"line":57},"6":{"name":"(anonymous_6)","decl":{"start":{"line":77,"column":4},"end":{"line":77,"column":5}},"loc":{"start":{"line":77,"column":13},"end":{"line":92,"column":5}},"line":77},"7":{"name":"(anonymous_7)","decl":{"start":{"line":82,"column":81},"end":{"line":82,"column":82}},"loc":{"start":{"line":82,"column":87},"end":{"line":82,"column":110}},"line":82},"8":{"name":"(anonymous_8)","decl":{"start":{"line":83,"column":81},"end":{"line":83,"column":82}},"loc":{"start":{"line":83,"column":87},"end":{"line":83,"column":110}},"line":83},"9":{"name":"(anonymous_9)","decl":{"start":{"line":84,"column":81},"end":{"line":84,"column":82}},"loc":{"start":{"line":84,"column":87},"end":{"line":84,"column":110}},"line":84}},"branchMap":{"0":{"loc":{"start":{"line":4,"column":16},"end":{"line":4,"column":47}},"type":"binary-expr","locations":[{"start":{"line":4,"column":16},"end":{"line":4,"column":23}},{"start":{"line":4,"column":27},"end":{"line":4,"column":47}}],"line":4},"1":{"loc":{"start":{"line":7,"column":4},"end":{"line":9,"column":5}},"type":"if","locations":[{"start":{"line":7,"column":4},"end":{"line":9,"column":5}},{"start":{"line":7,"column":4},"end":{"line":9,"column":5}}],"line":7},"2":{"loc":{"start":{"line":7,"column":7},"end":{"line":7,"column":55}},"type":"binary-expr","locations":[{"start":{"line":7,"column":7},"end":{"line":7,"column":26}},{"start":{"line":7,"column":30},"end":{"line":7,"column":55}}],"line":7},"3":{"loc":{"start":{"line":11,"column":4},"end":{"line":17,"column":5}},"type":"if","locations":[{"start":{"line":11,"column":4},"end":{"line":17,"column":5}},{"start":{"line":11,"column":4},"end":{"line":17,"column":5}}],"line":11},"4":{"loc":{"start":{"line":19,"column":4},"end":{"line":42,"column":5}},"type":"if","locations":[{"start":{"line":19,"column":4},"end":{"line":42,"column":5}},{"start":{"line":19,"column":4},"end":{"line":42,"column":5}}],"line":19},"5":{"loc":{"start":{"line":29,"column":8},"end":{"line":41,"column":9}},"type":"if","locations":[{"start":{"line":29,"column":8},"end":{"line":41,"column":9}},{"start":{"line":29,"column":8},"end":{"line":41,"column":9}}],"line":29},"6":{"loc":{"start":{"line":36,"column":13},"end":{"line":41,"column":9}},"type":"if","locations":[{"start":{"line":36,"column":13},"end":{"line":41,"column":9}},{"start":{"line":36,"column":13},"end":{"line":41,"column":9}}],"line":36},"7":{"loc":{"start":{"line":50,"column":4},"end":{"line":52,"column":5}},"type":"if","locations":[{"start":{"line":50,"column":4},"end":{"line":52,"column":5}},{"start":{"line":50,"column":4},"end":{"line":52,"column":5}}],"line":50}},"s":{"0":4,"1":5,"2":1,"3":4,"4":2,"5":1,"6":2,"7":1,"8":1,"9":1,"10":1,"11":0,"12":0,"13":1,"14":0,"15":3,"16":5,"17":1,"18":4,"19":12,"20":3,"21":3,"22":3,"23":5,"24":0,"25":1,"26":0},"f":{"0":4,"1":5,"2":3,"3":5,"4":12,"5":3,"6":5,"7":0,"8":1,"9":0},"b":{"0":[4,2],"1":[1,4],"2":[5,4],"3":[2,2],"4":[1,1],"5":[0,1],"6":[0,1],"7":[1,4]},"_coverageSchema":"1a1c01bbd47fc00a2c39e90264f33305004495a9","hash":"fad834c72366aedd4b19b284c8e766625b7728da"}
,"D:\\Documents\\Coding\\HtmlCssJs\\1030522917_BS436_WebProgramlama\\odev04\\src\\index.jsx": {"path":"D:\\Documents\\Coding\\HtmlCssJs\\1030522917_BS436_WebProgramlama\\odev04\\src\\index.jsx","statementMap":{"0":{"start":{"line":8,"column":8},"end":{"line":12,"column":9}},"1":{"start":{"line":16,"column":0},"end":{"line":16,"column":56}}},"fnMap":{"0":{"name":"(anonymous_0)","decl":{"start":{"line":7,"column":4},"end":{"line":7,"column":5}},"loc":{"start":{"line":7,"column":13},"end":{"line":13,"column":5}},"line":7}},"branchMap":{},"s":{"0":0,"1":0},"f":{"0":0},"b":{}}
}
