TN:
SF:src\game.jsx
FN:3,errorAccrued
FN:6,showCard
FN:45,setCards
FN:49,shuffleArray
FN:53,(anonymous_4)
FN:57,(anonymous_5)
FN:77,(anonymous_6)
FN:82,(anonymous_7)
FN:83,(anonymous_8)
FN:84,(anonymous_9)
FNF:10
FNH:8
FNDA:4,errorAccrued
FNDA:5,showCard
FNDA:3,setCards
FNDA:5,shuffleArray
FNDA:12,(anonymous_4)
FNDA:3,(anonymous_5)
FNDA:5,(anonymous_6)
FNDA:0,(anonymous_7)
FNDA:1,(anonymous_8)
FNDA:0,(anonymous_9)
DA:4,4
DA:7,5
DA:8,1
DA:11,4
DA:12,2
DA:16,1
DA:19,2
DA:20,1
DA:22,1
DA:24,1
DA:29,1
DA:30,0
DA:34,0
DA:36,1
DA:37,0
DA:46,3
DA:50,5
DA:51,1
DA:53,12
DA:58,3
DA:59,3
DA:74,3
DA:78,5
DA:82,0
DA:83,1
DA:84,0
LF:26
LH:21
BRDA:4,0,0,4
BRDA:4,0,1,2
BRDA:7,1,0,1
BRDA:7,1,1,4
BRDA:7,2,0,5
BRDA:7,2,1,4
BRDA:11,3,0,2
BRDA:11,3,1,2
BRDA:19,4,0,1
BRDA:19,4,1,1
BRDA:29,5,0,0
BRDA:29,5,1,1
BRDA:36,6,0,0
BRDA:36,6,1,1
BRDA:50,7,0,1
BRDA:50,7,1,4
BRF:16
BRH:14
end_of_record
TN:
SF:src\index.jsx
FN:7,(anonymous_0)
FNF:1
FNH:0
FNDA:0,(anonymous_0)
DA:8,0
DA:16,0
LF:2
LH:0
BRF:0
BRH:0
end_of_record
